<?xml version="1.0" encoding="UTF-8"?>
<!-- Generated by org.testng.reporters.JUnitXMLReporter -->
<testsuite hostname="RAJ" name="Test" tests="13" failures="0" timestamp="9 Nov 2015 18:14:03 GMT" time="0.08" errors="0">
  <testcase name="createUserTest" time="0.015" classname="batchexecution.CreateUser"/>
  <testcase name="createCustomerTest" time="0.0" classname="batchexecution.ProjectAndCustomer"/>
  <testcase name="loginTest" time="0.0" classname="batchexecution.User"/>
  <testcase name="loginTest" time="0.0" classname="batchexecution.User"/>
  <testcase name="loginTest" time="0.0" classname="batchexecution.User"/>
  <testcase name="loginTest" time="0.0" classname="batchexecution.User"/>
  <testcase name="loginTest" time="0.0" classname="batchexecution.User"/>
  <testcase name="loginTest" time="0.0" classname="batchexecution.User"/>
  <testcase name="loginTest" time="0.0" classname="batchexecution.User"/>
  <testcase name="loginTest" time="0.0" classname="batchexecution.User"/>
  <testcase name="loginTest" time="0.0" classname="batchexecution.User"/>
  <testcase name="loginTest" time="0.0" classname="batchexecution.User"/>
  <testcase name="logoutTest" time="0.0" classname="batchexecution.User"/>
</testsuite> <!-- Test -->
