<?xml version="1.0" encoding="UTF-8"?>
<testng-results skipped="0" failed="0" total="1" passed="1">
  <reporter-output>
  </reporter-output>
  <suite name="Default suite" duration-ms="44003" started-at="2015-12-07T06:49:19Z" finished-at="2015-12-07T06:50:03Z">
    <groups>
    </groups>
    <test name="Default test" duration-ms="44003" started-at="2015-12-07T06:49:19Z" finished-at="2015-12-07T06:50:03Z">
      <class name="testNGeclipseSelenium.LoxaBeauty">
        <test-method status="PASS" signature="login()[pri:0, instance:testNGeclipseSelenium.LoxaBeauty@1ebcae2]" name="login" duration-ms="43962" started-at="2015-12-07T12:19:19Z" finished-at="2015-12-07T12:20:03Z">
          <reporter-output>
          </reporter-output>
        </test-method> <!-- login -->
      </class> <!-- testNGeclipseSelenium.LoxaBeauty -->
    </test> <!-- Default test -->
  </suite> <!-- Default suite -->
</testng-results>
